#
# A fatal error has been detected by the Java Runtime Environment:
#
#  EXCEPTION_ACCESS_VIOLATION (0xc0000005) at pc=0x00007ff8d12e6a87, pid=9332, tid=4916
#
# JRE version: OpenJDK Runtime Environment Corretto-18.0.1.10.1 (18.0.1+10) (build 18.0.1+10-FR)
# Java VM: OpenJDK 64-Bit Server VM Corretto-18.0.1.10.1 (18.0.1+10-FR, mixed mode, sharing, tiered, compressed oops, compressed class ptrs, g1 gc, windows-amd64)
# Problematic frame:
# C  [glass.dll+0x26a87]
#
# No core dump will be written. Minidumps are not enabled by default on client versions of Windows
#
# If you would like to submit a bug report, please visit:
#   https://github.com/corretto/corretto-18/issues/
#

---------------  S U M M A R Y ------------

Command Line: -javaagent:C:\Program Files\JetBrains\IntelliJ IDEA 2021.3.1\lib\idea_rt.jar=56840:C:\Program Files\JetBrains\IntelliJ IDEA 2021.3.1\bin -Dfile.encoding=UTF-8 --module-path=C:\Users\daule\.m2\repository\org\controlsfx\controlsfx\11.1.0\controlsfx-11.1.0.jar;C:\Users\daule\.m2\repository\org\openjfx\javafx-base\18-ea+6\javafx-base-18-ea+6-win.jar;C:\Users\daule\.m2\repository\com\dlsc\formsfx\formsfx-core\11.3.2\formsfx-core-11.3.2.jar;C:\Users\daule\IdeaProjects\VehicleInfo_var2\target\classes;C:\Users\daule\.m2\repository\org\kordamp\bootstrapfx\bootstrapfx-core\0.4.0\bootstrapfx-core-0.4.0.jar;C:\Users\daule\.m2\repository\org\openjfx\javafx-media\18-ea+6\javafx-media-18-ea+6-win.jar;C:\Users\daule\.m2\repository\org\openjfx\javafx-web\18-ea+6\javafx-web-18-ea+6-win.jar;C:\Users\daule\.m2\repository\org\kordamp\ikonli\ikonli-javafx\12.2.0\ikonli-javafx-12.2.0.jar;C:\Users\daule\.m2\repository\org\openjfx\javafx-graphics\18-ea+6\javafx-graphics-18-ea+6-win.jar;C:\Users\daule\.m2\repository\eu\hansolo\tilesfx\11.48\tilesfx-11.48.jar;C:\Users\daule\.m2\repository\org\openjfx\javafx-fxml\18-ea+6\javafx-fxml-18-ea+6-win.jar;C:\Users\daule\.m2\repository\org\openjfx\javafx-controls\18-ea+6\javafx-controls-18-ea+6-win.jar;C:\Users\daule\.m2\repository\net\synedra\validatorfx\0.1.13\validatorfx-0.1.13.jar;C:\Users\daule\.m2\repository\org\kordamp\ikonli\ikonli-core\12.2.0\ikonli-core-12.2.0.jar -Djdk.module.main=com.example.vehicleinfo_var2 com.example.vehicleinfo_var2/com.example.vehicleinfo_var2.HelloApplication

Host: Intel(R) Core(TM) i3-4150 CPU @ 3.50GHz, 4 cores, 9G,  Windows 10 , 64 bit Build 19041 (10.0.19041.1706)
Time: Thu May 12 05:54:45 2022  Windows 10 , 64 bit Build 19041 (10.0.19041.1706) elapsed time: 73.429370 seconds (0d 0h 1m 13s)

---------------  T H R E A D  ---------------

Current thread (0x000001d8927deca0):  VMThread "VM Thread" [stack: 0x000000c5add00000,0x000000c5ade00000] [id=4916]

Stack: [0x000000c5add00000,0x000000c5ade00000],  sp=0x000000c5addff2d0,  free space=1020k
Native frames: (J=compiled Java code, j=interpreted, Vv=VM code, C=native code)
C  [glass.dll+0x26a87]


siginfo: EXCEPTION_ACCESS_VIOLATION (0xc0000005), reading address 0x0000000000000000


Register to memory mapping:

RIP=0x00007ff8d12e6a87 glass.dll
RAX=0x0 is NULL
RBX=0x000001d8927eaea0 is a global jni handle
RCX=0x000001d8927deca0 points into unknown readable memory: 0x00007ff87e93fd48 | 48 fd 93 7e f8 7f 00 00
RDX=0x000000c5addff2d0 points into unknown readable memory: 0x0000000000000000 | 00 00 00 00 00 00 00 00
RSP=0x000000c5addff2d0 points into unknown readable memory: 0x0000000000000000 | 00 00 00 00 00 00 00 00
RBP=0x000001d8b6295a38 points into unknown readable memory: 0x0000a65157111f60 | 60 1f 11 57 51 a6 00 00
RSI=0x000001d8b6295a10 points into unknown readable memory: 0xd12e983d57116098 | 98 60 11 57 3d 98 2e d1
RDI=0x0000a65157111f60 is an unknown value
R8 =0x0000000000010002 is an unknown value
R9 =0x0000a65157111f60 is an unknown value
R10=0x0000000000008000 is an unknown value
R11=0x000000c5addff260 points into unknown readable memory: 0x000001d8b6295a10 | 10 5a 29 b6 d8 01 00 00
R12=0x00007ff8d12e4354 glass.dll
R13=0x00007ff87eb0e5b0 jvm.dll
R14=0x000000c5addff3c8 points into unknown readable memory: 0x000000c5addff3b0 | b0 f3 df ad c5 00 00 00
R15=0x000001d8b6295a10 points into unknown readable memory: 0xd12e983d57116098 | 98 60 11 57 3d 98 2e d1


Registers:
RAX=0x0000000000000000, RBX=0x000001d8927eaea0, RCX=0x000001d8927deca0, RDX=0x000000c5addff2d0
RSP=0x000000c5addff2d0, RBP=0x000001d8b6295a38, RSI=0x000001d8b6295a10, RDI=0x0000a65157111f60
R8 =0x0000000000010002, R9 =0x0000a65157111f60, R10=0x0000000000008000, R11=0x000000c5addff260
R12=0x00007ff8d12e4354, R13=0x00007ff87eb0e5b0, R14=0x000000c5addff3c8, R15=0x000001d8b6295a10
RIP=0x00007ff8d12e6a87, EFLAGS=0x0000000000010202

Top of Stack: (sp=0x000000c5addff2d0)
0x000000c5addff2d0:   0000000000000000 000001d8b6295a10
0x000000c5addff2e0:   00007ff87eb0e5b0 00007ff8d12e4354
0x000000c5addff2f0:   000001d8b6295a18 00007ff8ec6542d6
0x000000c5addff300:   0000a65157111f60 000001d800000000
0x000000c5addff310:   000001d8b6295a38 000001d8b6295a10
0x000000c5addff320:   fffffffffffffffe 0000000000000000
0x000000c5addff330:   0000000000000001 00007ff8d12c0000
0x000000c5addff340:   000000c5addff3b8 00007ff8ec6541fb
0x000000c5addff350:   0000000000000000 000000c5addff3c8
0x000000c5addff360:   000000c5addff690 00007ff8ec730e40
0x000000c5addff370:   0000000000000001 00007ff8ec6541b4
0x000000c5addff380:   0000000000000000 0000000000000001
0x000000c5addff390:   0000000000000000 000000c5addff3b8
0x000000c5addff3a0:   ffffffff00000001 00007ff8d12e41e1
0x000000c5addff3b0:   00007ff8d12fa138 00007ff800000002
0x000000c5addff3c0:   0000000000000002 000000c5addff3b0 

Instructions: (pc=0x00007ff8d12e6a87)
0x00007ff8d12e6987:   8b 4d 58 e8 01 cf ff ff 48 8b 4d 60 e8 f8 ce ff
0x00007ff8d12e6997:   ff 48 8b 95 80 00 00 00 48 8b 8d 18 01 00 00 e8
0x00007ff8d12e69a7:   c6 c3 ff ff 33 d2 33 c9 e8 3c e1 ff ff 90 48 89
0x00007ff8d12e69b7:   54 24 10 55 48 83 ec 20 48 8b ea 48 b8 00 00 00
0x00007ff8d12e69c7:   00 00 00 00 00 48 83 c4 20 5d c3 cc 40 55 48 8b
0x00007ff8d12e69d7:   ea 48 8b 01 33 c9 81 38 05 00 00 c0 0f 94 c1 8b
0x00007ff8d12e69e7:   c1 5d c3 cc 40 55 48 83 ec 20 48 8b ea 8a 4d 40
0x00007ff8d12e69f7:   48 83 c4 20 5d e9 f7 d2 ff ff cc 40 55 48 83 ec
0x00007ff8d12e6a07:   20 48 8b ea 8a 4d 20 e8 e5 d2 ff ff 90 48 83 c4
0x00007ff8d12e6a17:   20 5d c3 cc 40 55 48 83 ec 20 48 8b ea 48 83 c4
0x00007ff8d12e6a27:   20 5d e9 46 d1 ff ff cc 40 55 48 83 ec 30 48 8b
0x00007ff8d12e6a37:   ea 48 8b 01 8b 10 48 89 4c 24 28 89 54 24 20 4c
0x00007ff8d12e6a47:   8d 0d e7 d5 ff ff 4c 8b 45 70 8b 55 68 48 8b 4d
0x00007ff8d12e6a57:   60 e8 87 d0 ff ff 90 48 83 c4 30 5d c3 cc cc cc
0x00007ff8d12e6a67:   cc cc cc cc cc cc cc cc cc 40 53 48 83 ec 20 48
0x00007ff8d12e6a77:   8b 1d b3 30 01 00 48 85 db 74 16 e8 09 8b ff ff
0x00007ff8d12e6a87:   4c 8b 00 48 8b d3 48 8b c8 41 ff 90 b0 00 00 00
0x00007ff8d12e6a97:   90 48 83 c4 20 5b c3 cc cc 40 53 48 83 ec 20 48
0x00007ff8d12e6aa7:   8b 1d 2b 32 01 00 48 85 db 74 57 b8 ff ff ff ff
0x00007ff8d12e6ab7:   f0 0f c1 43 10 83 f8 01 75 3d 48 85 db 74 38 48
0x00007ff8d12e6ac7:   8b 0b 48 85 c9 74 0d ff 15 d4 07 00 00 48 c7 03
0x00007ff8d12e6ad7:   00 00 00 00 48 8b 4b 08 48 85 c9 74 0d e8 a7 cd
0x00007ff8d12e6ae7:   ff ff 48 c7 43 08 00 00 00 00 ba 18 00 00 00 48
0x00007ff8d12e6af7:   8b cb e8 92 cd ff ff 48 c7 05 cf 31 01 00 00 00
0x00007ff8d12e6b07:   00 00 48 83 c4 20 5b c3 cc 40 53 48 83 ec 20 48
0x00007ff8d12e6b17:   8b 1d 9b 31 01 00 48 85 db 74 57 b8 ff ff ff ff
0x00007ff8d12e6b27:   f0 0f c1 43 10 83 f8 01 75 3d 48 85 db 74 38 48
0x00007ff8d12e6b37:   8b 0b 48 85 c9 74 0d ff 15 64 07 00 00 48 c7 03
0x00007ff8d12e6b47:   00 00 00 00 48 8b 4b 08 48 85 c9 74 0d e8 37 cd
0x00007ff8d12e6b57:   ff ff 48 c7 43 08 00 00 00 00 ba 18 00 00 00 48
0x00007ff8d12e6b67:   8b cb e8 22 cd ff ff 48 c7 05 3f 31 01 00 00 00
0x00007ff8d12e6b77:   00 00 48 83 c4 20 5b c3 cc 40 53 48 83 ec 20 48 


Stack slot to memory mapping:
stack at sp + 0 slots: 0x0 is NULL
stack at sp + 1 slots: 0x000001d8b6295a10 points into unknown readable memory: 0xd12e983d57116098 | 98 60 11 57 3d 98 2e d1
stack at sp + 2 slots: 0x00007ff87eb0e5b0 jvm.dll
stack at sp + 3 slots: 0x00007ff8d12e4354 glass.dll
stack at sp + 4 slots: 0x000001d8b6295a18 points into unknown readable memory: 0x0000a65157111f60 | 60 1f 11 57 51 a6 00 00
stack at sp + 5 slots: 0x00007ff8ec6542d6 ucrtbase.dll
stack at sp + 6 slots: 0x0000a65157111f60 is an unknown value
stack at sp + 7 slots: 0x000001d800000000 is an unknown value

VM_Operation (0x000000c5ad5ff2f0): Exit, mode: safepoint, requested by thread 0x000001d8b6ab13e0


---------------  P R O C E S S  ---------------

Threads class SMR info:
_java_thread_list=0x000001d8b5bb7120, length=22, elements={
0x000001d892729260, 0x000001d8927e52a0, 0x000001d8927e6e30, 0x000001d8927fbb60,
0x000001d8927fc410, 0x000001d8927fccc0, 0x000001d8b15eff60, 0x000001d8b15f12e0,
0x000001d8b15f6a30, 0x000001d8b1609cb0, 0x000001d8b15ed210, 0x000001d8b5d7db90,
0x000001d8b5fa9420, 0x000001d8b62a5840, 0x000001d8b66e0ec0, 0x000001d8b66c6980,
0x000001d8b6a1c890, 0x000001d8b6a1bdf0, 0x000001d8b6aaf700, 0x000001d8b6ab00a0,
0x000001d8b6ab2bf0, 0x000001d8b6ab13e0
}

Java Threads: ( => current thread )
  0x000001d892729260 JavaThread "main" [_thread_blocked, id=11456, stack(0x000000c5ad600000,0x000000c5ad700000)]
  0x000001d8927e52a0 JavaThread "Reference Handler" daemon [_thread_blocked, id=3836, stack(0x000000c5ade00000,0x000000c5adf00000)]
  0x000001d8927e6e30 JavaThread "Finalizer" daemon [_thread_blocked, id=2160, stack(0x000000c5adf00000,0x000000c5ae000000)]
  0x000001d8927fbb60 JavaThread "Signal Dispatcher" daemon [_thread_blocked, id=1304, stack(0x000000c5ae000000,0x000000c5ae100000)]
  0x000001d8927fc410 JavaThread "Attach Listener" daemon [_thread_blocked, id=7912, stack(0x000000c5ae100000,0x000000c5ae200000)]
  0x000001d8927fccc0 JavaThread "Service Thread" daemon [_thread_blocked, id=5752, stack(0x000000c5ae200000,0x000000c5ae300000)]
  0x000001d8b15eff60 JavaThread "Monitor Deflation Thread" daemon [_thread_blocked, id=7436, stack(0x000000c5ae300000,0x000000c5ae400000)]
  0x000001d8b15f12e0 JavaThread "C2 CompilerThread0" daemon [_thread_blocked, id=2968, stack(0x000000c5ae400000,0x000000c5ae500000)]
  0x000001d8b15f6a30 JavaThread "C1 CompilerThread0" daemon [_thread_blocked, id=10380, stack(0x000000c5ae500000,0x000000c5ae600000)]
  0x000001d8b1609cb0 JavaThread "Sweeper thread" daemon [_thread_blocked, id=1264, stack(0x000000c5ae600000,0x000000c5ae700000)]
  0x000001d8b15ed210 JavaThread "Common-Cleaner" daemon [_thread_blocked, id=8928, stack(0x000000c5ae700000,0x000000c5ae800000)]
  0x000001d8b5d7db90 JavaThread "Monitor Ctrl-Break" daemon [_thread_in_native, id=11068, stack(0x000000c5aea00000,0x000000c5aeb00000)]
  0x000001d8b5fa9420 JavaThread "Notification Thread" daemon [_thread_blocked, id=10848, stack(0x000000c5aeb00000,0x000000c5aec00000)]
  0x000001d8b62a5840 JavaThread "QuantumRenderer-0" daemon [_thread_blocked, id=880, stack(0x000000c5ae800000,0x000000c5ae900000)]
  0x000001d8b66e0ec0 JavaThread "InvokeLaterDispatcher" daemon [_thread_blocked, id=6216, stack(0x000000c5af000000,0x000000c5af100000)]
  0x000001d8b66c6980 JavaThread "JavaFX Application Thread" [_thread_in_native, id=6004, stack(0x000000c5af100000,0x000000c5af200000)]
  0x000001d8b6a1c890 JavaThread "Thread-1" daemon [_thread_in_native, id=9412, stack(0x000000c5af300000,0x000000c5af400000)]
  0x000001d8b6a1bdf0 JavaThread "JavaFX-Launcher" [_thread_blocked, id=11908, stack(0x000000c5af400000,0x000000c5af500000)]
  0x000001d8b6aaf700 JavaThread "Prism Font Disposer" daemon [_thread_blocked, id=8460, stack(0x000000c5af500000,0x000000c5af600000)]
  0x000001d8b6ab00a0 JavaThread "Cleaner-0" daemon [_thread_blocked, id=1980, stack(0x000000c5af900000,0x000000c5afa00000)]
  0x000001d8b6ab2bf0 JavaThread "mysql-cj-abandoned-connection-cleanup" daemon [_thread_blocked, id=4288, stack(0x000000c5afa00000,0x000000c5afb00000)]
  0x000001d8b6ab13e0 JavaThread "SIGINT handler" daemon [_thread_blocked, id=11452, stack(0x000000c5ad500000,0x000000c5ad600000)]

Other Threads:
=>0x000001d8927deca0 VMThread "VM Thread" [stack: 0x000000c5add00000,0x000000c5ade00000] [id=4916]
  0x000001d89277b750 WorkerThread "GC Thread#0" [stack: 0x000000c5ad800000,0x000000c5ad900000] [id=9496]
  0x000001d8b5e39370 WorkerThread "GC Thread#1" [stack: 0x000000c5ae900000,0x000000c5aea00000] [id=4376]
  0x000001d8b63a21d0 WorkerThread "GC Thread#2" [stack: 0x000000c5aed00000,0x000000c5aee00000] [id=5816]
  0x000001d8b5e2df30 WorkerThread "GC Thread#3" [stack: 0x000000c5aee00000,0x000000c5aef00000] [id=6588]
  0x000001d8927894d0 ConcurrentGCThread "G1 Main Marker" terminated
  0x000001d892789dd0 WorkerThread "G1 Conc#0" [stack: 0x000000c5ada00000,0x000000c5adb00000] [id=11596]
  0x000001d8927b6fc0 ConcurrentGCThread "G1 Refine#0" terminated
  0x000001d8927b77e0 ConcurrentGCThread "G1 Service" terminated

Threads with active compile tasks:

VM state: at safepoint (shutting down)

VM Mutex/Monitor currently owned by a thread:  ([mutex/lock_event])
[0x000001d8927288f0] Threads_lock - owner thread: 0x000001d8927deca0
[0x000001d892727db0] Heap_lock - owner thread: 0x000001d8b6ab13e0

Heap address: 0x0000000760e00000, size: 2546 MB, Compressed Oops mode: Zero based, Oop shift amount: 3

CDS archive(s) mapped at: [0x0000000800000000-0x0000000800b90000-0x0000000800b90000), size 12124160, SharedBaseAddress: 0x0000000800000000, ArchiveRelocationMode: 0.
Compressed class space mapped at: 0x0000000800c00000-0x0000000840c00000, reserved size: 1073741824
Narrow klass base: 0x0000000800000000, Narrow klass shift: 0, Narrow klass range: 0x100000000

GC Precious Log:
 CardTable entry size: 512
 Card Set container configuration: InlinePtr #cards 4 size 8 Array Of Cards #cards 16 size 48 Howl #buckets 8 coarsen threshold 3686 Howl Bitmap #cards 512 size 80 coarsen threshold 460 Card regions per heap region 1 cards per card region 4096
 CPUs: 4 total, 4 available
 Memory: 10176M
 Large Page Support: Disabled
 NUMA Support: Disabled
 Compressed Oops: Enabled (Zero based)
 Heap Region Size: 2M
 Heap Min Capacity: 8M
 Heap Initial Capacity: 160M
 Heap Max Capacity: 2546M
 Pre-touch: Disabled
 Parallel Workers: 4
 Concurrent Workers: 1
 Concurrent Refinement Workers: 4
 Periodic GC: Disabled

Heap:
 garbage-first heap   total 61440K, used 17230K [0x0000000760e00000, 0x0000000800000000)
  region size 2048K, 7 young (14336K), 4 survivors (8192K)
 Metaspace       used 22519K, committed 22912K, reserved 1114112K
  class space    used 2938K, committed 3136K, reserved 1048576K

Heap Regions: E=young(eden), S=young(survivor), O=old, HS=humongous(starts), HC=humongous(continues), CS=collection set, F=free, OA=open archive, CA=closed archive, TAMS=top-at-mark-start (previous, next)
|   0|0x0000000760e00000, 0x0000000761000000, 0x0000000761000000|100%| O|  |TAMS 0x0000000761000000, 0x0000000760e00000| Untracked 
|   1|0x0000000761000000, 0x0000000761200000, 0x0000000761200000|100%| O|  |TAMS 0x0000000761200000, 0x0000000761000000| Untracked 
|   2|0x0000000761200000, 0x0000000761400000, 0x0000000761400000|100%|HS|  |TAMS 0x0000000761400000, 0x0000000761200000| Complete 
|   3|0x0000000761400000, 0x0000000761468400, 0x0000000761600000| 20%| O|  |TAMS 0x0000000761468400, 0x0000000761400000| Complete 
|   4|0x0000000761600000, 0x0000000761600000, 0x0000000761800000|  0%| F|  |TAMS 0x0000000761600000, 0x0000000761600000| Untracked 
|   5|0x0000000761800000, 0x0000000761800000, 0x0000000761a00000|  0%| F|  |TAMS 0x0000000761800000, 0x0000000761800000| Untracked 
|   6|0x0000000761a00000, 0x0000000761a00000, 0x0000000761c00000|  0%| F|  |TAMS 0x0000000761a00000, 0x0000000761a00000| Untracked 
|   7|0x0000000761c00000, 0x0000000761c00000, 0x0000000761e00000|  0%| F|  |TAMS 0x0000000761c00000, 0x0000000761c00000| Untracked 
|   8|0x0000000761e00000, 0x0000000761e00000, 0x0000000762000000|  0%| F|  |TAMS 0x0000000761e00000, 0x0000000761e00000| Untracked 
|   9|0x0000000762000000, 0x0000000762000000, 0x0000000762200000|  0%| F|  |TAMS 0x0000000762000000, 0x0000000762000000| Untracked 
|  10|0x0000000762200000, 0x0000000762200000, 0x0000000762400000|  0%| F|  |TAMS 0x0000000762200000, 0x0000000762200000| Untracked 
|  11|0x0000000762400000, 0x0000000762400000, 0x0000000762600000|  0%| F|  |TAMS 0x0000000762400000, 0x0000000762400000| Untracked 
|  12|0x0000000762600000, 0x0000000762600000, 0x0000000762800000|  0%| F|  |TAMS 0x0000000762600000, 0x0000000762600000| Untracked 
|  13|0x0000000762800000, 0x0000000762800000, 0x0000000762a00000|  0%| F|  |TAMS 0x0000000762800000, 0x0000000762800000| Untracked 
|  14|0x0000000762a00000, 0x0000000762a00000, 0x0000000762c00000|  0%| F|  |TAMS 0x0000000762a00000, 0x0000000762a00000| Untracked 
|  15|0x0000000762c00000, 0x0000000762c00000, 0x0000000762e00000|  0%| F|  |TAMS 0x0000000762c00000, 0x0000000762c00000| Untracked 
|  16|0x0000000762e00000, 0x0000000762e00000, 0x0000000763000000|  0%| F|  |TAMS 0x0000000762e00000, 0x0000000762e00000| Untracked 
|  17|0x0000000763000000, 0x0000000763000000, 0x0000000763200000|  0%| F|  |TAMS 0x0000000763000000, 0x0000000763000000| Untracked 
|  18|0x0000000763200000, 0x0000000763200000, 0x0000000763400000|  0%| F|  |TAMS 0x0000000763200000, 0x0000000763200000| Untracked 
|  19|0x0000000763400000, 0x0000000763400000, 0x0000000763600000|  0%| F|  |TAMS 0x0000000763400000, 0x0000000763400000| Untracked 
|  20|0x0000000763600000, 0x0000000763600000, 0x0000000763800000|  0%| F|  |TAMS 0x0000000763600000, 0x0000000763600000| Untracked 
|  21|0x0000000763800000, 0x0000000763800000, 0x0000000763a00000|  0%| F|  |TAMS 0x0000000763800000, 0x0000000763800000| Untracked 
|  22|0x0000000763a00000, 0x0000000763a00000, 0x0000000763c00000|  0%| F|  |TAMS 0x0000000763a00000, 0x0000000763a00000| Untracked 
|  23|0x0000000763c00000, 0x0000000763c72c90, 0x0000000763e00000| 22%| E|  |TAMS 0x0000000763c00000, 0x0000000763c00000| Complete 
|  24|0x0000000763e00000, 0x0000000764000000, 0x0000000764000000|100%| E|CS|TAMS 0x0000000763e00000, 0x0000000763e00000| Complete 
|  75|0x000000076a400000, 0x000000076a46b630, 0x000000076a600000| 20%| S|CS|TAMS 0x000000076a400000, 0x000000076a400000| Complete 
|  76|0x000000076a600000, 0x000000076a800000, 0x000000076a800000|100%| S|CS|TAMS 0x000000076a600000, 0x000000076a600000| Complete 
|  77|0x000000076a800000, 0x000000076aa00000, 0x000000076aa00000|100%| S|CS|TAMS 0x000000076a800000, 0x000000076a800000| Complete 
|  78|0x000000076aa00000, 0x000000076ac00000, 0x000000076ac00000|100%| S|CS|TAMS 0x000000076aa00000, 0x000000076aa00000| Complete 
|  79|0x000000076ac00000, 0x000000076ae00000, 0x000000076ae00000|100%| E|CS|TAMS 0x000000076ac00000, 0x000000076ac00000| Complete 

Card table byte_map: [0x000001d8a9800000,0x000001d8a9d00000] _byte_map_base: 0x000001d8a5cf9000

Marking Bits (Prev, Next): (CMBitMap*) 0x000001d89277ecd0, (CMBitMap*) 0x000001d89277ec90
 Prev Bits: [0x000001d8ac9d0000, 0x000001d8af198000)
 Next Bits: [0x000001d8aa200000, 0x000001d8ac9c8000)

Polling page: 0x000001d8906f0000

Metaspace:

Usage:
  Non-class:     19.12 MB used.
      Class:      2.87 MB used.
       Both:     21.99 MB used.

Virtual space:
  Non-class space:       64.00 MB reserved,      19.31 MB ( 30%) committed,  1 nodes.
      Class space:        1.00 GB reserved,       3.06 MB ( <1%) committed,  1 nodes.
             Both:        1.06 GB reserved,      22.38 MB (  2%) committed. 

Chunk freelists:
   Non-Class:  752.00 KB
       Class:  1008.00 KB
        Both:  1.72 MB

MaxMetaspaceSize: unlimited
CompressedClassSpaceSize: 1.00 GB
Initial GC threshold: 21.00 MB
Current GC threshold: 35.31 MB
CDS: on
MetaspaceReclaimPolicy: balanced
 - commit_granule_bytes: 65536.
 - commit_granule_words: 8192.
 - virtual_space_node_default_size: 8388608.
 - enlarge_chunks_in_place: 1.
 - new_chunks_are_fully_committed: 0.
 - uncommit_free_chunks: 1.
 - use_allocation_guard: 0.


Internal statistics:

num_allocs_failed_limit: 3.
num_arena_births: 330.
num_arena_deaths: 0.
num_vsnodes_births: 2.
num_vsnodes_deaths: 0.
num_space_committed: 358.
num_space_uncommitted: 0.
num_chunks_returned_to_freelist: 3.
num_chunks_taken_from_freelist: 955.
num_chunk_merges: 0.
num_chunk_splits: 640.
num_chunks_enlarged: 471.
num_inconsistent_stats: 0.

CodeHeap 'non-profiled nmethods': size=120000Kb used=1142Kb max_used=1142Kb free=118857Kb
 bounds [0x000001d8a1dd0000, 0x000001d8a2040000, 0x000001d8a9300000]
CodeHeap 'profiled nmethods': size=120000Kb used=5878Kb max_used=5878Kb free=114121Kb
 bounds [0x000001d89a8a0000, 0x000001d89ae60000, 0x000001d8a1dd0000]
CodeHeap 'non-nmethods': size=5760Kb used=1490Kb max_used=1517Kb free=4269Kb
 bounds [0x000001d89a300000, 0x000001d89a570000, 0x000001d89a8a0000]
 total_blobs=3944 nmethods=3090 adapters=766
 compilation: enabled
              stopped_count=0, restarted_count=0
 full_count=0

Compilation events (20 events):
Event: 14.126 Thread 0x000001d8b15f6a30 3082       3       javafx.scene.Scene$ScenePeerListener::mouseEvent (54 bytes)
Event: 14.126 Thread 0x000001d8b15f6a30 nmethod 3082 0x000001d89ae5b510 code [0x000001d89ae5b6c0, 0x000001d89ae5ba78]
Event: 14.126 Thread 0x000001d8b15f6a30 3083       3       javafx.scene.Scene::processMouseEvent (10 bytes)
Event: 14.127 Thread 0x000001d8b15f6a30 nmethod 3083 0x000001d89ae5bc90 code [0x000001d89ae5be40, 0x000001d89ae5bf88]
Event: 14.127 Thread 0x000001d8b15f6a30 3084       3       java.util.EnumMap::values (25 bytes)
Event: 14.127 Thread 0x000001d8b15f6a30 nmethod 3084 0x000001d89ae5c090 code [0x000001d89ae5c240, 0x000001d89ae5c5d8]
Event: 14.127 Thread 0x000001d8b15f6a30 3085       3       java.util.EnumMap$Values::iterator (12 bytes)
Event: 14.127 Thread 0x000001d8b15f6a30 nmethod 3085 0x000001d89ae5c710 code [0x000001d89ae5c8c0, 0x000001d89ae5cc18]
Event: 14.127 Thread 0x000001d8b15f6a30 3086       3       java.util.EnumMap$ValueIterator::<init> (11 bytes)
Event: 14.127 Thread 0x000001d8b15f6a30 nmethod 3086 0x000001d89ae5cd10 code [0x000001d89ae5cec0, 0x000001d89ae5d158]
Event: 14.127 Thread 0x000001d8b15f6a30 3087       3       java.util.EnumMap$EnumMapIterator::<init> (20 bytes)
Event: 14.127 Thread 0x000001d8b15f6a30 nmethod 3087 0x000001d89ae5d290 code [0x000001d89ae5d420, 0x000001d89ae5d5f8]
Event: 14.334 Thread 0x000001d8b15f12e0 3088       4       com.sun.javafx.geom.PickRay::setOrigin (12 bytes)
Event: 14.334 Thread 0x000001d8b15f12e0 nmethod 3088 0x000001d8a1eea690 code [0x000001d8a1eea800, 0x000001d8a1eea8b8]
Event: 14.422 Thread 0x000001d8b15f12e0 3089   !   4       javafx.scene.Node::intersectsBounds (1005 bytes)
Event: 14.437 Thread 0x000001d8b15f12e0 nmethod 3089 0x000001d8a1eea990 code [0x000001d8a1eeac60, 0x000001d8a1eebdf0]
Event: 14.942 Thread 0x000001d8b15f12e0 3090       4       com.sun.javafx.collections.VetoableListDecorator::get (11 bytes)
Event: 14.943 Thread 0x000001d8b15f12e0 nmethod 3090 0x000001d8a1eed410 code [0x000001d8a1eed5a0, 0x000001d8a1eed718]
Event: 71.018 Thread 0x000001d8b15f6a30 3091       3       jdk.internal.loader.URLClassPath$JarLoader::findResource (18 bytes)
Event: 71.019 Thread 0x000001d8b15f6a30 nmethod 3091 0x000001d89ae5d690 code [0x000001d89ae5d840, 0x000001d89ae5da28]

GC Heap History (8 events):
Event: 1.066 GC heap before
{Heap before GC invocations=0 (full 0):
 garbage-first heap   total 163840K, used 12288K [0x0000000760e00000, 0x0000000800000000)
  region size 2048K, 6 young (12288K), 0 survivors (0K)
 Metaspace       used 1844K, committed 2048K, reserved 1114112K
  class space    used 180K, committed 256K, reserved 1048576K
}
Event: 1.072 GC heap after
{Heap after GC invocations=1 (full 0):
 garbage-first heap   total 163840K, used 2859K [0x0000000760e00000, 0x0000000800000000)
  region size 2048K, 1 young (2048K), 1 survivors (2048K)
 Metaspace       used 1844K, committed 2048K, reserved 1114112K
  class space    used 180K, committed 256K, reserved 1048576K
}
Event: 2.201 GC heap before
{Heap before GC invocations=1 (full 0):
 garbage-first heap   total 163840K, used 15147K [0x0000000760e00000, 0x0000000800000000)
  region size 2048K, 8 young (16384K), 1 survivors (2048K)
 Metaspace       used 6686K, committed 6912K, reserved 1114112K
  class space    used 761K, committed 896K, reserved 1048576K
}
Event: 2.205 GC heap after
{Heap after GC invocations=2 (full 0):
 garbage-first heap   total 163840K, used 4423K [0x0000000760e00000, 0x0000000800000000)
  region size 2048K, 1 young (2048K), 1 survivors (2048K)
 Metaspace       used 6686K, committed 6912K, reserved 1114112K
  class space    used 761K, committed 896K, reserved 1048576K
}
Event: 11.377 GC heap before
{Heap before GC invocations=2 (full 0):
 garbage-first heap   total 163840K, used 49479K [0x0000000760e00000, 0x0000000800000000)
  region size 2048K, 23 young (47104K), 1 survivors (2048K)
 Metaspace       used 20041K, committed 20352K, reserved 1114112K
  class space    used 2635K, committed 2816K, reserved 1048576K
}
Event: 11.387 GC heap after
{Heap after GC invocations=3 (full 0):
 garbage-first heap   total 163840K, used 12705K [0x0000000760e00000, 0x0000000800000000)
  region size 2048K, 3 young (6144K), 3 survivors (6144K)
 Metaspace       used 20041K, committed 20352K, reserved 1114112K
  class space    used 2635K, committed 2816K, reserved 1048576K
}
Event: 11.447 GC heap before
{Heap before GC invocations=3 (full 0):
 garbage-first heap   total 163840K, used 12705K [0x0000000760e00000, 0x0000000800000000)
  region size 2048K, 4 young (8192K), 3 survivors (6144K)
 Metaspace       used 21188K, committed 21504K, reserved 1114112K
  class space    used 2785K, committed 2944K, reserved 1048576K
}
Event: 11.456 GC heap after
{Heap after GC invocations=4 (full 0):
 garbage-first heap   total 163840K, used 13134K [0x0000000760e00000, 0x0000000800000000)
  region size 2048K, 4 young (8192K), 4 survivors (8192K)
 Metaspace       used 21188K, committed 21504K, reserved 1114112K
  class space    used 2785K, committed 2944K, reserved 1048576K
}

Deoptimization events (20 events):
Event: 11.320 Thread 0x000001d8b66c6980 Uncommon trap: trap_request=0xffffff45 fr.pc=0x000001d8a1e160c8 relative=0x00000000000000a8
Event: 11.320 Thread 0x000001d8b66c6980 Uncommon trap: reason=unstable_if action=reinterpret pc=0x000001d8a1e160c8 method=jdk.internal.misc.Unsafe.convEndian(ZI)I @ 4 c2
Event: 11.320 Thread 0x000001d8b66c6980 DEOPT PACKING pc=0x000001d8a1e160c8 sp=0x000000c5af1f6610
Event: 11.320 Thread 0x000001d8b66c6980 DEOPT UNPACKING pc=0x000001d89a3523a3 sp=0x000000c5af1f64a8 mode 2
Event: 11.403 Thread 0x000001d8b66c6980 Uncommon trap: trap_request=0xffffff45 fr.pc=0x000001d8a1ecabc4 relative=0x0000000000000304
Event: 11.404 Thread 0x000001d8b66c6980 Uncommon trap: reason=unstable_if action=reinterpret pc=0x000001d8a1ecabc4 method=java.util.regex.Pattern$SliceI.match(Ljava/util/regex/Matcher;ILjava/lang/CharSequence;)Z @ 29 c2
Event: 11.404 Thread 0x000001d8b66c6980 DEOPT PACKING pc=0x000001d8a1ecabc4 sp=0x000000c5af1f7370
Event: 11.404 Thread 0x000001d8b66c6980 DEOPT UNPACKING pc=0x000001d89a3523a3 sp=0x000000c5af1f7308 mode 2
Event: 11.541 Thread 0x000001d8b66c6980 Uncommon trap: trap_request=0xffffffde fr.pc=0x000001d8a1ec4a8c relative=0x0000000000000a6c
Event: 11.541 Thread 0x000001d8b66c6980 Uncommon trap: reason=class_check action=maybe_recompile pc=0x000001d8a1ec4a8c method=java.util.HashMap.putVal(ILjava/lang/Object;Ljava/lang/Object;ZZ)Ljava/lang/Object; @ 253 c2
Event: 11.541 Thread 0x000001d8b66c6980 DEOPT PACKING pc=0x000001d8a1ec4a8c sp=0x000000c5af1f75a0
Event: 11.541 Thread 0x000001d8b66c6980 DEOPT UNPACKING pc=0x000001d89a3523a3 sp=0x000000c5af1f74d8 mode 2
Event: 11.542 Thread 0x000001d8b66c6980 Uncommon trap: trap_request=0xffffffde fr.pc=0x000001d8a1ec4a8c relative=0x0000000000000a6c
Event: 11.542 Thread 0x000001d8b66c6980 Uncommon trap: reason=class_check action=maybe_recompile pc=0x000001d8a1ec4a8c method=java.util.HashMap.putVal(ILjava/lang/Object;Ljava/lang/Object;ZZ)Ljava/lang/Object; @ 253 c2
Event: 11.542 Thread 0x000001d8b66c6980 DEOPT PACKING pc=0x000001d8a1ec4a8c sp=0x000000c5af1f75a0
Event: 11.542 Thread 0x000001d8b66c6980 DEOPT UNPACKING pc=0x000001d89a3523a3 sp=0x000000c5af1f74d8 mode 2
Event: 11.550 Thread 0x000001d8b66c6980 Uncommon trap: trap_request=0xffffff45 fr.pc=0x000001d8a1de2d28 relative=0x0000000000000128
Event: 11.550 Thread 0x000001d8b66c6980 Uncommon trap: reason=unstable_if action=reinterpret pc=0x000001d8a1de2d28 method=java.lang.StringCoding.hasNegatives([BII)Z @ 12 c2
Event: 11.550 Thread 0x000001d8b66c6980 DEOPT PACKING pc=0x000001d8a1de2d28 sp=0x000000c5af1f7110
Event: 11.550 Thread 0x000001d8b66c6980 DEOPT UNPACKING pc=0x000001d89a3523a3 sp=0x000000c5af1f70b8 mode 2

Classes loaded (20 events):
Event: 11.549 Loading class sun/security/ssl/Alert$Level
Event: 11.549 Loading class sun/security/ssl/Alert$Level done
Event: 11.553 Loading class java/lang/StringIndexOutOfBoundsException
Event: 11.553 Loading class java/lang/StringIndexOutOfBoundsException done
Event: 11.556 Loading class java/util/concurrent/atomic/AtomicReferenceFieldUpdater
Event: 11.556 Loading class java/util/concurrent/atomic/AtomicReferenceFieldUpdater done
Event: 11.556 Loading class java/util/concurrent/atomic/AtomicReferenceFieldUpdater$AtomicReferenceFieldUpdaterImpl
Event: 11.556 Loading class java/util/concurrent/atomic/AtomicReferenceFieldUpdater$AtomicReferenceFieldUpdaterImpl done
Event: 11.557 Loading class java/util/concurrent/atomic/AtomicReferenceFieldUpdater$AtomicReferenceFieldUpdaterImpl$1
Event: 11.557 Loading class java/util/concurrent/atomic/AtomicReferenceFieldUpdater$AtomicReferenceFieldUpdaterImpl$1 done
Event: 11.557 Loading class sun/reflect/misc/ReflectUtil
Event: 11.557 Loading class sun/reflect/misc/ReflectUtil done
Event: 11.557 Loading class java/lang/Throwable$WrappedPrintStream
Event: 11.557 Loading class java/lang/Throwable$PrintStreamOrWriter
Event: 11.557 Loading class java/lang/Throwable$PrintStreamOrWriter done
Event: 11.557 Loading class java/lang/Throwable$WrappedPrintStream done
Event: 13.391 Loading class java/text/StringCharacterIterator
Event: 13.391 Loading class java/text/StringCharacterIterator done
Event: 72.994 Loading class jdk/internal/misc/Signal$1
Event: 72.995 Loading class jdk/internal/misc/Signal$1 done

Classes unloaded (0 events):
No events

Classes redefined (0 events):
No events

Internal exceptions (20 events):
Event: 4.809 Thread 0x000001d8b66c6980 Exception <a 'java/lang/NoSuchMethodError'{0x00000007695e6598}: 'long java.lang.invoke.DirectMethodHandle$Holder.invokeStaticInit(java.lang.Object, java.lang.Object, java.lang.Object)'> (0x00000007695e6598) 
thrown [s\src\hotspot\share\interpreter\linkResolver.cpp, line 766]
Event: 4.811 Thread 0x000001d8b66c6980 Exception <a 'java/lang/NoSuchMethodError'{0x00000007695fefc0}: 'java.lang.Object java.lang.invoke.DirectMethodHandle$Holder.newInvokeSpecial(java.lang.Object, java.lang.Object, long)'> (0x00000007695fefc0) 
thrown [s\src\hotspot\share\interpreter\linkResolver.cpp, line 766]
Event: 4.811 Thread 0x000001d8b66c6980 Exception <a 'java/lang/NoSuchMethodError'{0x0000000769202ff8}: 'java.lang.Object java.lang.invoke.Invokers$Holder.linkToTargetMethod(java.lang.Object, long, java.lang.Object)'> (0x0000000769202ff8) 
thrown [s\src\hotspot\share\interpreter\linkResolver.cpp, line 766]
Event: 4.973 Thread 0x000001d8b66c6980 Exception <a 'java/lang/ClassNotFoundException'{0x000000076904c000}: com/sun/javafx/scene/control/skin/resources/controls> (0x000000076904c000) 
thrown [s\src\hotspot\share\prims\jni.cpp, line 535]
Event: 4.974 Thread 0x000001d8b66c6980 Exception <a 'java/lang/ClassNotFoundException'{0x000000076905a270}: com/sun/javafx/scene/control/skin/resources/controls_ru> (0x000000076905a270) 
thrown [s\src\hotspot\share\prims\jni.cpp, line 535]
Event: 4.974 Thread 0x000001d8b66c6980 Exception <a 'java/lang/ClassNotFoundException'{0x000000076905b4d8}: com/sun/javafx/scene/control/skin/resources/controls_ru_RU> (0x000000076905b4d8) 
thrown [s\src\hotspot\share\prims\jni.cpp, line 535]
Event: 5.011 Thread 0x000001d8b66c6980 Exception <a 'java/lang/NoSuchMethodError'{0x00000007691d47f8}: 'void java.lang.invoke.DirectMethodHandle$Holder.invokeSpecial(java.lang.Object, java.lang.Object, java.lang.Object, java.lang.Object, java.lang.Object, java.lang.Object)'> (0x00000007691d47f8) 
thrown [s\src\hotspot\share\interpreter\linkResolver.cpp, line 766]
Event: 10.997 Thread 0x000001d8b66c6980 Exception <a 'sun/nio/fs/WindowsException'{0x0000000768b534b0}> (0x0000000768b534b0) 
thrown [s\src\hotspot\share\prims\jni.cpp, line 516]
Event: 11.016 Thread 0x000001d8b66c6980 Exception <a 'sun/nio/fs/WindowsException'{0x0000000768835450}> (0x0000000768835450) 
thrown [s\src\hotspot\share\prims\jni.cpp, line 516]
Event: 11.017 Thread 0x000001d8b66c6980 Exception <a 'sun/nio/fs/WindowsException'{0x00000007688382c8}> (0x00000007688382c8) 
thrown [s\src\hotspot\share\prims\jni.cpp, line 516]
Event: 11.028 Thread 0x000001d8b66c6980 Exception <a 'sun/nio/fs/WindowsException'{0x0000000768893448}> (0x0000000768893448) 
thrown [s\src\hotspot\share\prims\jni.cpp, line 516]
Event: 11.029 Thread 0x000001d8b66c6980 Exception <a 'sun/nio/fs/WindowsException'{0x00000007688961c8}> (0x00000007688961c8) 
thrown [s\src\hotspot\share\prims\jni.cpp, line 516]
Event: 11.034 Thread 0x000001d8b66c6980 Exception <a 'java/lang/NoSuchMethodError'{0x00000007688a66f8}: 'java.lang.Object java.lang.invoke.DirectMethodHandle$Holder.invokeVirtual(java.lang.Object, java.lang.Object, java.lang.Object)'> (0x00000007688a66f8) 
thrown [s\src\hotspot\share\interpreter\linkResolver.cpp, line 766]
Event: 11.102 Thread 0x000001d8b66c6980 Exception <a 'sun/nio/fs/WindowsException'{0x000000076879a440}> (0x000000076879a440) 
thrown [s\src\hotspot\share\prims\jni.cpp, line 516]
Event: 11.179 Thread 0x000001d8b66c6980 Exception <a 'sun/nio/fs/WindowsException'{0x00000007685f4ae0}> (0x00000007685f4ae0) 
thrown [s\src\hotspot\share\prims\jni.cpp, line 516]
Event: 11.269 Thread 0x000001d8b66c6980 Exception <a 'sun/nio/fs/WindowsException'{0x00000007683c6b78}> (0x00000007683c6b78) 
thrown [s\src\hotspot\share\prims\jni.cpp, line 516]
Event: 11.275 Thread 0x000001d8b66c6980 Exception <a 'sun/nio/fs/WindowsException'{0x00000007683db580}> (0x00000007683db580) 
thrown [s\src\hotspot\share\prims\jni.cpp, line 516]
Event: 11.317 Thread 0x000001d8b66c6980 Exception <a 'java/lang/NoSuchMethodError'{0x000000076810ae68}: 'java.lang.Object java.lang.invoke.DirectMethodHandle$Holder.invokeStaticInit(java.lang.Object, int, int, int, int)'> (0x000000076810ae68) 
thrown [s\src\hotspot\share\interpreter\linkResolver.cpp, line 766]
Event: 11.357 Thread 0x000001d8b66c6980 Exception <a 'java/lang/NoSuchMethodError'{0x00000007681cc198}: 'java.lang.Object java.lang.invoke.DirectMethodHandle$Holder.invokeStaticInit(java.lang.Object, java.lang.Object, int, int, int, int)'> (0x00000007681cc198) 
thrown [s\src\hotspot\share\interpreter\linkResolver.cpp, line 766]
Event: 11.550 Thread 0x000001d8b66c6980 Exception <a 'java/io/IOException'{0x000000076ada6938}> (0x000000076ada6938) 
thrown [s\src\hotspot\share\prims\jni.cpp, line 516]

VM Operations (20 events):
Event: 11.297 Executing VM operation: HandshakeAllThreads done
Event: 11.377 Executing VM operation: G1CollectForAllocation
Event: 11.387 Executing VM operation: G1CollectForAllocation done
Event: 11.447 Executing VM operation: CollectForMetadataAllocation
Event: 11.457 Executing VM operation: CollectForMetadataAllocation done
Event: 11.471 Executing VM operation: G1Concurrent
Event: 11.473 Executing VM operation: G1Concurrent done
Event: 11.477 Executing VM operation: G1Concurrent
Event: 11.479 Executing VM operation: G1Concurrent done
Event: 11.510 Executing VM operation: HandshakeAllThreads
Event: 11.510 Executing VM operation: HandshakeAllThreads done
Event: 12.510 Executing VM operation: Cleanup
Event: 12.510 Executing VM operation: Cleanup done
Event: 13.510 Executing VM operation: Cleanup
Event: 13.511 Executing VM operation: Cleanup done
Event: 14.511 Executing VM operation: Cleanup
Event: 14.511 Executing VM operation: Cleanup done
Event: 15.512 Executing VM operation: Cleanup
Event: 15.512 Executing VM operation: Cleanup done
Event: 72.999 Executing VM operation: Exit

Events (20 events):
Event: 1.752 Thread 0x000001d8b66e0ec0 Thread added: 0x000001d8b66e0ec0
Event: 1.787 Thread 0x000001d8b66c6980 Thread added: 0x000001d8b66c6980
Event: 2.072 Thread 0x000001d8b6a1c890 Thread added: 0x000001d8b6a1c890
Event: 2.083 Thread 0x000001d8b6a1bdf0 Thread added: 0x000001d8b6a1bdf0
Event: 2.339 Loaded shared library C:\Users\daule\.openjfx\cache\18-ea+6\javafx_font.dll
Event: 2.407 Thread 0x000001d8b69fbcc0 Thread added: 0x000001d8b69fbcc0
Event: 2.738 Thread 0x000001d8b69fbcc0 Thread exited: 0x000001d8b69fbcc0
Event: 2.815 Thread 0x000001d8b6aaf700 Thread added: 0x000001d8b6aaf700
Event: 2.960 Thread 0x000001d8b6ab00a0 Thread added: 0x000001d8b6ab00a0
Event: 6.284 Thread 0x000001d8b6c791e0 Thread added: 0x000001d8b6c791e0
Event: 6.814 Thread 0x000001d8b6c791e0 Thread exited: 0x000001d8b6c791e0
Event: 10.995 Thread 0x000001d8b6ab2bf0 Thread added: 0x000001d8b6ab2bf0
Event: 11.027 Thread 0x000001d8b6cca210 Thread added: 0x000001d8b6cca210
Event: 11.196 Loaded shared library C:\Users\daule\.jdks\corretto-18.0.1\bin\sunmscapi.dll
Event: 11.718 Thread 0x000001d8b6cca210 Thread exited: 0x000001d8b6cca210
Event: 72.995 Thread 0x000001d8b6ab13e0 Thread added: 0x000001d8b6ab13e0
Event: 72.995 Thread 0x000001d8b6ab0a40 Thread added: 0x000001d8b6ab0a40
Event: 72.995 Thread 0x000001d8b6ab0f10 Thread added: 0x000001d8b6ab0f10
Event: 72.997 Thread 0x000001d8b6ab0a40 Thread exited: 0x000001d8b6ab0a40
Event: 72.999 Thread 0x000001d8b6ab0f10 Thread exited: 0x000001d8b6ab0f10


Dynamic libraries:
0x00007ff752230000 - 0x00007ff75223d000 	C:\Users\daule\.jdks\corretto-18.0.1\bin\java.exe
0x00007ff8ee6f0000 - 0x00007ff8ee8e5000 	C:\Windows\SYSTEM32\ntdll.dll
0x00007ff8ec7b0000 - 0x00007ff8ec86d000 	C:\Windows\System32\KERNEL32.DLL
0x00007ff8ec0e0000 - 0x00007ff8ec3ad000 	C:\Windows\System32\KERNELBASE.dll
0x00007ff8ec640000 - 0x00007ff8ec740000 	C:\Windows\System32\ucrtbase.dll
0x00007ff8e7200000 - 0x00007ff8e7217000 	C:\Users\daule\.jdks\corretto-18.0.1\bin\jli.dll
0x00007ff8ecbd0000 - 0x00007ff8ecd70000 	C:\Windows\System32\USER32.dll
0x00007ff8ec060000 - 0x00007ff8ec082000 	C:\Windows\System32\win32u.dll
0x00007ff8ed940000 - 0x00007ff8ed96a000 	C:\Windows\System32\GDI32.dll
0x00007ff8ebe00000 - 0x00007ff8ebf0b000 	C:\Windows\System32\gdi32full.dll
0x00007ff8ebfc0000 - 0x00007ff8ec05d000 	C:\Windows\System32\msvcp_win.dll
0x00007ff8d14c0000 - 0x00007ff8d14d5000 	C:\Users\daule\.jdks\corretto-18.0.1\bin\VCRUNTIME140.dll
0x00007ff8dde30000 - 0x00007ff8de0ca000 	C:\Windows\WinSxS\amd64_microsoft.windows.common-controls_6595b64144ccf1df_6.0.19041.1110_none_60b5254171f9507e\COMCTL32.dll
0x00007ff8eddf0000 - 0x00007ff8ede8e000 	C:\Windows\System32\msvcrt.dll
0x00007ff8ed910000 - 0x00007ff8ed940000 	C:\Windows\System32\IMM32.DLL
0x00007ff8bbba0000 - 0x00007ff8bbc3b000 	C:\Users\daule\.jdks\corretto-18.0.1\bin\msvcp140.dll
0x00007ff87df40000 - 0x00007ff87ebb0000 	C:\Users\daule\.jdks\corretto-18.0.1\bin\server\jvm.dll
0x00007ff8ecd70000 - 0x00007ff8ece1e000 	C:\Windows\System32\ADVAPI32.dll
0x00007ff8ed970000 - 0x00007ff8eda0c000 	C:\Windows\System32\sechost.dll
0x00007ff8ec8f0000 - 0x00007ff8eca15000 	C:\Windows\System32\RPCRT4.dll
0x00007ff8edbe0000 - 0x00007ff8edbe8000 	C:\Windows\System32\PSAPI.DLL
0x00007ff8bc220000 - 0x00007ff8bc229000 	C:\Windows\SYSTEM32\WSOCK32.dll
0x00007ff8ee5e0000 - 0x00007ff8ee64b000 	C:\Windows\System32\WS2_32.dll
0x00007ff8dd0a0000 - 0x00007ff8dd0c7000 	C:\Windows\SYSTEM32\WINMM.dll
0x00007ff8e7560000 - 0x00007ff8e756a000 	C:\Windows\SYSTEM32\VERSION.dll
0x00007ff8e9d20000 - 0x00007ff8e9d32000 	C:\Windows\SYSTEM32\kernel.appcore.dll
0x00007ff8de6e0000 - 0x00007ff8de6ea000 	C:\Users\daule\.jdks\corretto-18.0.1\bin\jimage.dll
0x00007ff8e6440000 - 0x00007ff8e6624000 	C:\Windows\SYSTEM32\DBGHELP.DLL
0x00007ff8e6410000 - 0x00007ff8e643c000 	C:\Windows\SYSTEM32\dbgcore.DLL
0x00007ff8ec580000 - 0x00007ff8ec602000 	C:\Windows\System32\bcryptPrimitives.dll
0x00007ff8dc510000 - 0x00007ff8dc51e000 	C:\Users\daule\.jdks\corretto-18.0.1\bin\instrument.dll
0x00007ff8d04e0000 - 0x00007ff8d0505000 	C:\Users\daule\.jdks\corretto-18.0.1\bin\java.dll
0x00007ff8a8d90000 - 0x00007ff8a8e66000 	C:\Users\daule\.jdks\corretto-18.0.1\bin\jsvml.dll
0x00007ff8ede90000 - 0x00007ff8ee5d4000 	C:\Windows\System32\SHELL32.dll
0x00007ff8e9f20000 - 0x00007ff8ea6b4000 	C:\Windows\SYSTEM32\windows.storage.dll
0x00007ff8ed550000 - 0x00007ff8ed8a4000 	C:\Windows\System32\combase.dll
0x00007ff8eb7f0000 - 0x00007ff8eb81c000 	C:\Windows\SYSTEM32\Wldp.dll
0x00007ff8ed4a0000 - 0x00007ff8ed54d000 	C:\Windows\System32\SHCORE.dll
0x00007ff8ed8b0000 - 0x00007ff8ed905000 	C:\Windows\System32\shlwapi.dll
0x00007ff8ebd40000 - 0x00007ff8ebd5f000 	C:\Windows\SYSTEM32\profapi.dll
0x00007ff8d12a0000 - 0x00007ff8d12b3000 	C:\Users\daule\.jdks\corretto-18.0.1\bin\net.dll
0x00007ff8e32e0000 - 0x00007ff8e33ea000 	C:\Windows\SYSTEM32\WINHTTP.dll
0x00007ff8eb550000 - 0x00007ff8eb5ba000 	C:\Windows\system32\mswsock.dll
0x00007ff8d1170000 - 0x00007ff8d1185000 	C:\Users\daule\.jdks\corretto-18.0.1\bin\nio.dll
0x00007ff8d0ef0000 - 0x00007ff8d0f08000 	C:\Users\daule\.jdks\corretto-18.0.1\bin\zip.dll
0x00007ff8d0060000 - 0x00007ff8d007a000 	C:\Program Files\JetBrains\IntelliJ IDEA 2021.3.1\bin\breakgen64.dll
0x000001d892650000 - 0x000001d892653000 	C:\Users\daule\.openjfx\cache\18-ea+6\api-ms-win-core-console-l1-1-0.dll
0x000001d892660000 - 0x000001d892663000 	C:\Users\daule\.openjfx\cache\18-ea+6\api-ms-win-core-console-l1-2-0.dll
0x000001d892680000 - 0x000001d892683000 	C:\Users\daule\.openjfx\cache\18-ea+6\api-ms-win-core-datetime-l1-1-0.dll
0x000001d892690000 - 0x000001d892693000 	C:\Users\daule\.openjfx\cache\18-ea+6\api-ms-win-core-debug-l1-1-0.dll
0x000001d8926a0000 - 0x000001d8926a3000 	C:\Users\daule\.openjfx\cache\18-ea+6\api-ms-win-core-errorhandling-l1-1-0.dll
0x000001d8926b0000 - 0x000001d8926b4000 	C:\Users\daule\.openjfx\cache\18-ea+6\api-ms-win-core-file-l1-1-0.dll
0x000001d8926c0000 - 0x000001d8926c3000 	C:\Users\daule\.openjfx\cache\18-ea+6\api-ms-win-core-file-l1-2-0.dll
0x000001d8926d0000 - 0x000001d8926d3000 	C:\Users\daule\.openjfx\cache\18-ea+6\api-ms-win-core-file-l2-1-0.dll
0x000001d8926e0000 - 0x000001d8926e3000 	C:\Users\daule\.openjfx\cache\18-ea+6\api-ms-win-core-handle-l1-1-0.dll
0x000001d8926f0000 - 0x000001d8926f3000 	C:\Users\daule\.openjfx\cache\18-ea+6\api-ms-win-core-heap-l1-1-0.dll
0x000001d8b17e0000 - 0x000001d8b17e3000 	C:\Users\daule\.openjfx\cache\18-ea+6\api-ms-win-core-interlocked-l1-1-0.dll
0x000001d8b17f0000 - 0x000001d8b17f3000 	C:\Users\daule\.openjfx\cache\18-ea+6\api-ms-win-core-libraryloader-l1-1-0.dll
0x000001d8b6400000 - 0x000001d8b6403000 	C:\Users\daule\.openjfx\cache\18-ea+6\api-ms-win-core-localization-l1-2-0.dll
0x000001d8b6410000 - 0x000001d8b6413000 	C:\Users\daule\.openjfx\cache\18-ea+6\api-ms-win-core-memory-l1-1-0.dll
0x000001d8b6420000 - 0x000001d8b6423000 	C:\Users\daule\.openjfx\cache\18-ea+6\api-ms-win-core-namedpipe-l1-1-0.dll
0x000001d8b6430000 - 0x000001d8b6433000 	C:\Users\daule\.openjfx\cache\18-ea+6\api-ms-win-core-processenvironment-l1-1-0.dll
0x000001d8b6440000 - 0x000001d8b6443000 	C:\Users\daule\.openjfx\cache\18-ea+6\api-ms-win-core-processthreads-l1-1-0.dll
0x000001d8b6450000 - 0x000001d8b6453000 	C:\Users\daule\.openjfx\cache\18-ea+6\api-ms-win-core-processthreads-l1-1-1.dll
0x000001d8b6460000 - 0x000001d8b6463000 	C:\Users\daule\.openjfx\cache\18-ea+6\api-ms-win-core-profile-l1-1-0.dll
0x000001d8b6470000 - 0x000001d8b6473000 	C:\Users\daule\.openjfx\cache\18-ea+6\api-ms-win-core-rtlsupport-l1-1-0.dll
0x000001d8b6480000 - 0x000001d8b6483000 	C:\Users\daule\.openjfx\cache\18-ea+6\api-ms-win-core-string-l1-1-0.dll
0x000001d8b6490000 - 0x000001d8b6493000 	C:\Users\daule\.openjfx\cache\18-ea+6\api-ms-win-core-synch-l1-1-0.dll
0x000001d8b64a0000 - 0x000001d8b64a3000 	C:\Users\daule\.openjfx\cache\18-ea+6\api-ms-win-core-synch-l1-2-0.dll
0x000001d8b64b0000 - 0x000001d8b64b3000 	C:\Users\daule\.openjfx\cache\18-ea+6\api-ms-win-core-sysinfo-l1-1-0.dll
0x000001d8b64c0000 - 0x000001d8b64c3000 	C:\Users\daule\.openjfx\cache\18-ea+6\api-ms-win-core-timezone-l1-1-0.dll
0x000001d8b64d0000 - 0x000001d8b64d3000 	C:\Users\daule\.openjfx\cache\18-ea+6\api-ms-win-core-util-l1-1-0.dll
0x000001d8b64e0000 - 0x000001d8b64e3000 	C:\Users\daule\.openjfx\cache\18-ea+6\api-ms-win-crt-conio-l1-1-0.dll
0x000001d8b64f0000 - 0x000001d8b64f4000 	C:\Users\daule\.openjfx\cache\18-ea+6\api-ms-win-crt-convert-l1-1-0.dll
0x000001d8b6500000 - 0x000001d8b6503000 	C:\Users\daule\.openjfx\cache\18-ea+6\api-ms-win-crt-environment-l1-1-0.dll
0x000001d8b6510000 - 0x000001d8b6513000 	C:\Users\daule\.openjfx\cache\18-ea+6\api-ms-win-crt-filesystem-l1-1-0.dll
0x000001d8b6520000 - 0x000001d8b6523000 	C:\Users\daule\.openjfx\cache\18-ea+6\api-ms-win-crt-heap-l1-1-0.dll
0x000001d8b6530000 - 0x000001d8b6533000 	C:\Users\daule\.openjfx\cache\18-ea+6\api-ms-win-crt-locale-l1-1-0.dll
0x000001d8b6540000 - 0x000001d8b6545000 	C:\Users\daule\.openjfx\cache\18-ea+6\api-ms-win-crt-math-l1-1-0.dll
0x000001d8b6550000 - 0x000001d8b6555000 	C:\Users\daule\.openjfx\cache\18-ea+6\api-ms-win-crt-multibyte-l1-1-0.dll
0x000001d8b6560000 - 0x000001d8b6570000 	C:\Users\daule\.openjfx\cache\18-ea+6\api-ms-win-crt-private-l1-1-0.dll
0x000001d8b6570000 - 0x000001d8b6573000 	C:\Users\daule\.openjfx\cache\18-ea+6\api-ms-win-crt-process-l1-1-0.dll
0x000001d8b6580000 - 0x000001d8b6584000 	C:\Users\daule\.openjfx\cache\18-ea+6\api-ms-win-crt-runtime-l1-1-0.dll
0x000001d8b6590000 - 0x000001d8b6594000 	C:\Users\daule\.openjfx\cache\18-ea+6\api-ms-win-crt-stdio-l1-1-0.dll
0x000001d8b65a0000 - 0x000001d8b65a4000 	C:\Users\daule\.openjfx\cache\18-ea+6\api-ms-win-crt-string-l1-1-0.dll
0x000001d8b65b0000 - 0x000001d8b65b3000 	C:\Users\daule\.openjfx\cache\18-ea+6\api-ms-win-crt-time-l1-1-0.dll
0x000001d8b65c0000 - 0x000001d8b65c3000 	C:\Users\daule\.openjfx\cache\18-ea+6\api-ms-win-crt-utility-l1-1-0.dll
0x00007ff8bbc40000 - 0x00007ff8bbd3c000 	C:\Users\daule\.openjfx\cache\18-ea+6\ucrtbase.dll
0x00007ff8d1ce0000 - 0x00007ff8d1cfa000 	C:\Users\daule\.openjfx\cache\18-ea+6\vcruntime140.dll
0x00007ff8e46e0000 - 0x00007ff8e46ec000 	C:\Users\daule\.openjfx\cache\18-ea+6\vcruntime140_1.dll
0x00007ff8d11d0000 - 0x00007ff8d125d000 	C:\Users\daule\.openjfx\cache\18-ea+6\msvcp140.dll
0x00007ff8d1cb0000 - 0x00007ff8d1cda000 	C:\Users\daule\.openjfx\cache\18-ea+6\prism_d3d.dll
0x00007ff8e17e0000 - 0x00007ff8e19af000 	C:\Windows\system32\d3d9.dll
0x00007ff8e9c10000 - 0x00007ff8e9c3f000 	C:\Windows\SYSTEM32\dwmapi.dll
0x00007ff8e9820000 - 0x00007ff8e98be000 	C:\Windows\system32\uxtheme.dll
0x00007ff8dfd40000 - 0x00007ff8dfdf0000 	C:\Windows\System32\DriverStore\FileRepository\nv_dispi.inf_amd64_4d7400884d0d52e3\nvldumdx.dll
0x00007ff8eb980000 - 0x00007ff8eb992000 	C:\Windows\SYSTEM32\msasn1.dll
0x00007ff8e7520000 - 0x00007ff8e7551000 	C:\Windows\SYSTEM32\cryptnet.dll
0x00007ff8ec420000 - 0x00007ff8ec576000 	C:\Windows\System32\CRYPT32.dll
0x00007ff8e73d0000 - 0x00007ff8e7518000 	C:\Windows\SYSTEM32\drvstore.dll
0x00007ff8ebb40000 - 0x00007ff8ebb6c000 	C:\Windows\SYSTEM32\devobj.dll
0x00007ff8ec090000 - 0x00007ff8ec0de000 	C:\Windows\System32\cfgmgr32.dll
0x00007ff8eb760000 - 0x00007ff8eb76c000 	C:\Windows\SYSTEM32\cryptbase.dll
0x00007ff8ec3b0000 - 0x00007ff8ec418000 	C:\Windows\System32\WINTRUST.DLL
0x00007ff8edcb0000 - 0x00007ff8edccd000 	C:\Windows\System32\imagehlp.dll
0x00007ff8eb740000 - 0x00007ff8eb758000 	C:\Windows\SYSTEM32\CRYPTSP.dll
0x00007ff8eaed0000 - 0x00007ff8eaf04000 	C:\Windows\system32\rsaenh.dll
0x00007ff8ec610000 - 0x00007ff8ec637000 	C:\Windows\System32\bcrypt.dll
0x00007ff898420000 - 0x00007ff899ba8000 	C:\Windows\System32\DriverStore\FileRepository\nv_dispi.inf_amd64_4d7400884d0d52e3\nvd3dumx.dll
0x00007ff8d12c0000 - 0x00007ff8d1302000 	C:\Users\daule\.openjfx\cache\18-ea+6\glass.dll
0x00007ff8edaa0000 - 0x00007ff8edb7b000 	C:\Windows\System32\COMDLG32.dll
0x00007ff8ed370000 - 0x00007ff8ed49a000 	C:\Windows\System32\ole32.dll
0x00007ff8ece20000 - 0x00007ff8eceed000 	C:\Windows\System32\OLEAUT32.dll
0x00007ff8edcd0000 - 0x00007ff8edde5000 	C:\Windows\System32\MSCTF.dll
0x00007ff8a8e70000 - 0x00007ff8a9137000 	C:\Windows\system32\nvspcap64.dll
0x00007ff8eaad0000 - 0x00007ff8eab03000 	C:\Windows\SYSTEM32\ntmarta.dll
0x00007ff8ea6d0000 - 0x00007ff8ea6f3000 	C:\Windows\SYSTEM32\gpapi.dll
0x00007ff8e0b90000 - 0x00007ff8e0bcb000 	C:\Windows\SYSTEM32\dxcore.dll
0x00007ff8d14a0000 - 0x00007ff8d14b4000 	C:\Users\daule\.openjfx\cache\18-ea+6\javafx_font.dll
0x00007ff8d2f50000 - 0x00007ff8d31cf000 	C:\Windows\SYSTEM32\dwrite.dll
0x00007ff8edc00000 - 0x00007ff8edca9000 	C:\Windows\System32\clbcatq.dll
0x00007ff8e4030000 - 0x00007ff8e41e4000 	C:\Windows\SYSTEM32\WindowsCodecs.dll
0x00007ff8c6400000 - 0x00007ff8c643e000 	C:\Windows\system32\dataexchange.dll
0x00007ff8e7840000 - 0x00007ff8e7aa4000 	C:\Windows\system32\d3d11.dll
0x00007ff8e89d0000 - 0x00007ff8e8bb5000 	C:\Windows\system32\dcomp.dll
0x00007ff8ea820000 - 0x00007ff8ea913000 	C:\Windows\system32\dxgi.dll
0x00007ff8e59e0000 - 0x00007ff8e5be1000 	C:\Windows\system32\twinapi.appcore.dll
0x00007ff8d1190000 - 0x00007ff8d11c4000 	C:\Program Files\Common Files\Microsoft Shared\Ink\rtscom.dll

dbghelp: loaded successfully - version: 4.0.5 - missing functions: none
symbol engine: initialized successfully - sym options: 0x614 - pdb path: .;C:\Users\daule\.jdks\corretto-18.0.1\bin;C:\Windows\SYSTEM32;C:\Windows\WinSxS\amd64_microsoft.windows.common-controls_6595b64144ccf1df_6.0.19041.1110_none_60b5254171f9507e;C:\Users\daule\.jdks\corretto-18.0.1\bin\server;C:\Program Files\JetBrains\IntelliJ IDEA 2021.3.1\bin;C:\Users\daule\.openjfx\cache\18-ea+6;C:\Windows\System32\DriverStore\FileRepository\nv_dispi.inf_amd64_4d7400884d0d52e3;C:\Program Files\Common Files\Microsoft Shared\Ink

VM Arguments:
jvm_args: -javaagent:C:\Program Files\JetBrains\IntelliJ IDEA 2021.3.1\lib\idea_rt.jar=56840:C:\Program Files\JetBrains\IntelliJ IDEA 2021.3.1\bin -Dfile.encoding=UTF-8 --module-path=C:\Users\daule\.m2\repository\org\controlsfx\controlsfx\11.1.0\controlsfx-11.1.0.jar;C:\Users\daule\.m2\repository\org\openjfx\javafx-base\18-ea+6\javafx-base-18-ea+6-win.jar;C:\Users\daule\.m2\repository\com\dlsc\formsfx\formsfx-core\11.3.2\formsfx-core-11.3.2.jar;C:\Users\daule\IdeaProjects\VehicleInfo_var2\target\classes;C:\Users\daule\.m2\repository\org\kordamp\bootstrapfx\bootstrapfx-core\0.4.0\bootstrapfx-core-0.4.0.jar;C:\Users\daule\.m2\repository\org\openjfx\javafx-media\18-ea+6\javafx-media-18-ea+6-win.jar;C:\Users\daule\.m2\repository\org\openjfx\javafx-web\18-ea+6\javafx-web-18-ea+6-win.jar;C:\Users\daule\.m2\repository\org\kordamp\ikonli\ikonli-javafx\12.2.0\ikonli-javafx-12.2.0.jar;C:\Users\daule\.m2\repository\org\openjfx\javafx-graphics\18-ea+6\javafx-graphics-18-ea+6-win.jar;C:\Users\daule\.m2\repository\eu\hansolo\tilesfx\11.48\tilesfx-11.48.jar;C:\Users\daule\.m2\repository\org\openjfx\javafx-fxml\18-ea+6\javafx-fxml-18-ea+6-win.jar;C:\Users\daule\.m2\repository\org\openjfx\javafx-controls\18-ea+6\javafx-controls-18-ea+6-win.jar;C:\Users\daule\.m2\repository\net\synedra\validatorfx\0.1.13\validatorfx-0.1.13.jar;C:\Users\daule\.m2\repository\org\kordamp\ikonli\ikonli-core\12.2.0\ikonli-core-12.2.0.jar -Djdk.module.main=com.example.vehicleinfo_var2 
java_command: com.example.vehicleinfo_var2/com.example.vehicleinfo_var2.HelloApplication
java_class_path (initial): C:\Users\daule\.m2\repository\org\openjfx\javafx-controls\18-ea+6\javafx-controls-18-ea+6.jar;C:\Users\daule\.m2\repository\org\openjfx\javafx-graphics\18-ea+6\javafx-graphics-18-ea+6.jar;C:\Users\daule\.m2\repository\org\openjfx\javafx-base\18-ea+6\javafx-base-18-ea+6.jar;C:\Users\daule\.m2\repository\org\openjfx\javafx-fxml\18-ea+6\javafx-fxml-18-ea+6.jar;C:\Users\daule\.m2\repository\org\openjfx\javafx-web\18-ea+6\javafx-web-18-ea+6.jar;C:\Users\daule\.m2\repository\org\openjfx\javafx-media\18-ea+6\javafx-media-18-ea+6.jar;C:\Users\daule\Downloads\mysql-connector-java-8.0.29\mysql-connector-java-8.0.29\mysql-connector-java-8.0.29.jar
Launcher Type: SUN_STANDARD

[Global flags]
     intx CICompilerCount                          = 3                                         {product} {ergonomic}
     uint ConcGCThreads                            = 1                                         {product} {ergonomic}
     uint G1ConcRefinementThreads                  = 4                                         {product} {ergonomic}
   size_t G1HeapRegionSize                         = 2097152                                   {product} {ergonomic}
    uintx GCDrainStackTargetSize                   = 64                                        {product} {ergonomic}
   size_t InitialHeapSize                          = 167772160                                 {product} {ergonomic}
   size_t MarkStackSize                            = 4194304                                   {product} {ergonomic}
   size_t MaxHeapSize                              = 2669674496                                {product} {ergonomic}
   size_t MaxNewSize                               = 1600126976                                {product} {ergonomic}
   size_t MinHeapDeltaBytes                        = 2097152                                   {product} {ergonomic}
   size_t MinHeapSize                              = 8388608                                   {product} {ergonomic}
    uintx NonNMethodCodeHeapSize                   = 5832780                                {pd product} {ergonomic}
    uintx NonProfiledCodeHeapSize                  = 122912730                              {pd product} {ergonomic}
    uintx ProfiledCodeHeapSize                     = 122912730                              {pd product} {ergonomic}
    uintx ReservedCodeCacheSize                    = 251658240                              {pd product} {ergonomic}
     bool SegmentedCodeCache                       = true                                      {product} {ergonomic}
   size_t SoftMaxHeapSize                          = 2669674496                             {manageable} {ergonomic}
     bool UseCompressedClassPointers               = true                           {product lp64_product} {ergonomic}
     bool UseCompressedOops                        = true                           {product lp64_product} {ergonomic}
     bool UseG1GC                                  = true                                      {product} {ergonomic}
     bool UseLargePagesIndividualAllocation        = false                                  {pd product} {ergonomic}

Logging:
Log output configuration:
 #0: stdout all=off uptime,level,tags foldmultilines=false
 #1: stderr all=off uptime,level,tags foldmultilines=false

Environment Variables:
PATH=C:\Program Files\Common Files\Oracle\Java\javapath;C:\Program Files (x86)\Common Files\Oracle\Java\javapath;C:\Windows\system32;C:\Windows;C:\Windows\System32\Wbem;C:\Windows\System32\WindowsPowerShell\v1.0\;C:\Windows\System32\OpenSSH\;C:\Program Files (x86)\NVIDIA Corporation\PhysX\Common;C:\Program Files\NVIDIA Corporation\NVIDIA NvDLISR;C:\Users\daule\AppData\Local\Microsoft\WindowsApps;;C:\Users\daule\AppData\Local\Programs\Microsoft VS Code\bin
USERNAME=daule
OS=Windows_NT
PROCESSOR_IDENTIFIER=Intel64 Family 6 Model 60 Stepping 3, GenuineIntel



---------------  S Y S T E M  ---------------

OS:
 Windows 10 , 64 bit Build 19041 (10.0.19041.1706)
OS uptime: 0 days 17:10 hours

CPU: total 4 (initial active 4) (2 cores per cpu, 2 threads per core) family 6 model 60 stepping 3 microcode 0x27, cx8, cmov, fxsr, ht, mmx, sse, sse2, sse3, ssse3, sse4.1, sse4.2, popcnt, lzcnt, tsc, tscinvbit, avx, avx2, aes, erms, clmul, bmi1, bmi2, fma, vzeroupper, clflush

Memory: 4k page, system-wide physical 10176M (3715M free)
TotalPageFile size 14491M (AvailPageFile size 4846M)
current process WorkingSet (physical memory assigned to process): 118M, peak: 160M
current process commit charge ("private bytes"): 233M, peak: 339M

vm_info: OpenJDK 64-Bit Server VM (18.0.1+10-FR) for windows-amd64 JRE (18.0.1+10-FR), built on Apr 15 2022 22:09:19 by "Administrator" with MS VC++ 15.9 (VS2017)

END.
